[    0.000000] Linux version 4.15.0-135-generic (buildd@lgw01-amd64-005) (gcc version 7.5.0 (Ubuntu 7.5.0-3ubuntu1~18.04)) #139-Ubuntu SMP Mon Jan 18 17:38:24 UTC 2021 (Ubuntu 4.15.0-135.139-generic 4.15.18)
[    0.000000] Command line: BOOT_IMAGE=/boot/vmlinuz-4.15.0-135-generic root=LABEL=cloudimg-rootfs ro console=tty1 console=ttyS0
[    0.000000] KERNEL supported cpus:
[    0.000000]   Intel GenuineIntel
[    0.000000]   AMD AuthenticAMD
[    0.000000]   Centaur CentaurHauls
[    0.000000] [Firmware Bug]: TSC doesn't count with P0 frequency!
[    0.000000] x86/fpu: x87 FPU will use FXSAVE
[    0.000000] e820: BIOS-provided physical RAM map:
[    0.000000] BIOS-e820: [mem 0x0000000000000000-0x000000000009fbff] usable
[    0.000000] BIOS-e820: [mem 0x000000000009fc00-0x000000000009ffff] reserved
[    0.000000] BIOS-e820: [mem 0x00000000000f0000-0x00000000000fffff] reserved
[    0.000000] BIOS-e820: [mem 0x0000000000100000-0x000000003ffeffff] usable
[    0.000000] BIOS-e820: [mem 0x000000003fff0000-0x000000003fffffff] ACPI data
[    0.000000] BIOS-e820: [mem 0x00000000fec00000-0x00000000fec00fff] reserved
[    0.000000] BIOS-e820: [mem 0x00000000fee00000-0x00000000fee00fff] reserved
[    0.000000] BIOS-e820: [mem 0x00000000fffc0000-0x00000000ffffffff] reserved
[    0.000000] NX (Execute Disable) protection: active
[    0.000000] SMBIOS 2.5 present.
[    0.000000] DMI: innotek GmbH VirtualBox/VirtualBox, BIOS VirtualBox 12/01/2006
[    0.000000] Hypervisor detected: KVM
[    0.000000] e820: last_pfn = 0x3fff0 max_arch_pfn = 0x400000000
[    0.000000] MTRR: Disabled
[    0.000000] x86/PAT: MTRRs disabled, skipping PAT initialization too.
[    0.000000] CPU MTRRs all blank - virtualized system.
[    0.000000] x86/PAT: Configuration [0-7]: WB  WT  UC- UC  WB  WT  UC- UC  
[    0.000000] found SMP MP-table at [mem 0x0009fff0-0x0009ffff]
[    0.000000] Scanning 1 areas for low memory corruption
[    0.000000] RAMDISK: [mem 0x35a63000-0x36d28fff]
[    0.000000] ACPI: Early table checksum verification disabled
[    0.000000] ACPI: RSDP 0x00000000000E0000 000024 (v02 VBOX  )
[    0.000000] ACPI: XSDT 0x000000003FFF0030 00003C (v01 VBOX   VBOXXSDT 00000001 ASL  00000061)
[    0.000000] ACPI: FACP 0x000000003FFF00F0 0000F4 (v04 VBOX   VBOXFACP 00000001 ASL  00000061)
[    0.000000] ACPI: DSDT 0x000000003FFF0470 002325 (v02 VBOX   VBOXBIOS 00000002 INTL 20100528)
[    0.000000] ACPI: FACS 0x000000003FFF0200 000040
[    0.000000] ACPI: FACS 0x000000003FFF0200 000040
[    0.000000] ACPI: APIC 0x000000003FFF0240 00005C (v02 VBOX   VBOXAPIC 00000001 ASL  00000061)
[    0.000000] ACPI: SSDT 0x000000003FFF02A0 0001CC (v01 VBOX   VBOXCPUT 00000002 INTL 20100528)
[    0.000000] No NUMA configuration found
[    0.000000] Faking a node at [mem 0x0000000000000000-0x000000003ffeffff]
[    0.000000] NODE_DATA(0) allocated [mem 0x3ffc5000-0x3ffeffff]
[    0.000000] kvm-clock: cpu 0, msr 0:3ff44001, primary cpu clock
[    0.000000] kvm-clock: Using msrs 4b564d01 and 4b564d00
[    0.000000] kvm-clock: using sched offset of 4463564899 cycles
[    0.000000] clocksource: kvm-clock: mask: 0xffffffffffffffff max_cycles: 0x1cd42e4dffb, max_idle_ns: 881590591483 ns
[    0.000000] Zone ranges:
[    0.000000]   DMA      [mem 0x0000000000001000-0x0000000000ffffff]
[    0.000000]   DMA32    [mem 0x0000000001000000-0x000000003ffeffff]
[    0.000000]   Normal   empty
[    0.000000]   Device   empty
[    0.000000] Movable zone start for each node
[    0.000000] Early memory node ranges
[    0.000000]   node   0: [mem 0x0000000000001000-0x000000000009efff]
[    0.000000]   node   0: [mem 0x0000000000100000-0x000000003ffeffff]
[    0.000000] Reserved but unavailable: 98 pages
[    0.000000] Initmem setup node 0 [mem 0x0000000000001000-0x000000003ffeffff]
[    0.000000] ACPI: PM-Timer IO Port: 0x4008
[    0.000000] IOAPIC[0]: apic_id 2, version 32, address 0xfec00000, GSI 0-23
[    0.000000] ACPI: INT_SRC_OVR (bus 0 bus_irq 0 global_irq 2 dfl dfl)
[    0.000000] ACPI: INT_SRC_OVR (bus 0 bus_irq 9 global_irq 9 low level)
[    0.000000] Using ACPI (MADT) for SMP configuration information
[    0.000000] smpboot: Allowing 2 CPUs, 0 hotplug CPUs
[    0.000000] PM: Registered nosave memory: [mem 0x00000000-0x00000fff]
[    0.000000] PM: Registered nosave memory: [mem 0x0009f000-0x0009ffff]
[    0.000000] PM: Registered nosave memory: [mem 0x000a0000-0x000effff]
[    0.000000] PM: Registered nosave memory: [mem 0x000f0000-0x000fffff]
[    0.000000] e820: [mem 0x40000000-0xfebfffff] available for PCI devices
[    0.000000] Booting paravirtualized kernel on KVM
[    0.000000] clocksource: refined-jiffies: mask: 0xffffffff max_cycles: 0xffffffff, max_idle_ns: 7645519600211568 ns
[    0.000000] random: get_random_bytes called from start_kernel+0x99/0x500 with crng_init=0
[    0.000000] setup_percpu: NR_CPUS:8192 nr_cpumask_bits:2 nr_cpu_ids:2 nr_node_ids:1
[    0.000000] percpu: Embedded 45 pages/cpu s147456 r8192 d28672 u1048576
[    0.000000] PV qspinlock hash table entries: 256 (order: 0, 4096 bytes)
[    0.000000] Built 1 zonelists, mobility grouping on.  Total pages: 257913
[    0.000000] Policy zone: DMA32
[    0.000000] Kernel command line: BOOT_IMAGE=/boot/vmlinuz-4.15.0-135-generic root=LABEL=cloudimg-rootfs ro console=tty1 console=ttyS0
[    0.000000] Memory: 983020K/1048120K available (12300K kernel code, 2482K rwdata, 4276K rodata, 2440K init, 2724K bss, 65100K reserved, 0K cma-reserved)
[    0.000000] SLUB: HWalign=64, Order=0-3, MinObjects=0, CPUs=2, Nodes=1
[    0.000000] ftrace: allocating 39422 entries in 154 pages
[    0.004000] Hierarchical RCU implementation.
[    0.004000] 	RCU restricting CPUs from NR_CPUS=8192 to nr_cpu_ids=2.
[    0.004000] 	Tasks RCU enabled.
[    0.004000] RCU: Adjusting geometry for rcu_fanout_leaf=16, nr_cpu_ids=2
[    0.004000] NR_IRQS: 524544, nr_irqs: 440, preallocated irqs: 16
[    0.004000] Console: colour VGA+ 80x25
[    0.004000] console [tty1] enabled
[    0.004000] console [ttyS0] enabled
[    0.004000] ACPI: Core revision 20170831
[    0.004000] ACPI: 2 ACPI AML tables successfully acquired and loaded
[    0.004000] APIC: Switch to symmetric I/O mode setup
[    0.004000] ..TIMER: vector=0x30 apic1=0 pin1=2 apic2=-1 pin2=-1
[    0.004000] tsc: Detected 3593.270 MHz processor
[    0.004000] Calibrating delay loop (skipped) preset value.. 7186.54 BogoMIPS (lpj=14373080)
[    0.004000] pid_max: default: 32768 minimum: 301
[    0.004000] Security Framework initialized
[    0.004004] Yama: becoming mindful.
[    0.008004] AppArmor: AppArmor initialized
[    0.016200] Dentry cache hash table entries: 131072 (order: 8, 1048576 bytes)
[    0.022186] Inode-cache hash table entries: 65536 (order: 7, 524288 bytes)
[    0.024080] Mount-cache hash table entries: 2048 (order: 2, 16384 bytes)
[    0.028066] Mountpoint-cache hash table entries: 2048 (order: 2, 16384 bytes)
[    0.036739] Last level iTLB entries: 4KB 1024, 2MB 1024, 4MB 512
[    0.040003] Last level dTLB entries: 4KB 2048, 2MB 2048, 4MB 1024, 1GB 0
[    0.044017] Spectre V1 : Mitigation: usercopy/swapgs barriers and __user pointer sanitization
[    0.048003] Spectre V2 : Spectre mitigation: LFENCE not serializing, switching to generic retpoline
[    0.052002] Spectre V2 : Mitigation: Full generic retpoline
[    0.056002] Spectre V2 : Spectre v2 / SpectreRSB mitigation: Filling RSB on context switch
[    0.060003] Speculative Store Bypass: Mitigation: Speculative Store Bypass disabled via prctl and seccomp
[    0.064157] Freeing SMP alternatives memory: 36K
[    0.197054] APIC calibration not consistent with PM-Timer: 111ms instead of 100ms
[    0.200000] APIC delta adjusted to PM-Timer: 6291370 (7040386)
[    0.200317] smpboot: CPU0: AMD Ryzen 5 3600 6-Core Processor (family: 0x17, model: 0x71, stepping: 0x0)
[    0.204437] Performance Events: PMU not available due to virtualization, using software events only.
[    0.208099] Hierarchical SRCU implementation.
[    0.212897] NMI watchdog: Perf event create on CPU 0 failed with -2
[    0.216003] NMI watchdog: Perf NMI watchdog permanently disabled
[    0.220329] smp: Bringing up secondary CPUs ...
[    0.224578] x86: Booting SMP configuration:
[    0.227525] .... node  #0, CPUs:      #1
[    0.004000] kvm-clock: cpu 1, msr 0:3ff44041, secondary cpu clock
[    0.234633] TSC synchronization [CPU#0 -> CPU#1]:
[    0.236000] Measured 65975 cycles TSC warp between CPUs, turning off TSC clock.
[    0.236000] tsc: Marking TSC unstable due to check_tsc_sync_source failed
[    0.240084] smp: Brought up 1 node, 2 CPUs
[    0.244006] smpboot: Max logical packages: 1
[    0.246698] smpboot: Total of 2 processors activated (14373.08 BogoMIPS)
[    0.248633] devtmpfs: initialized
[    0.252343] x86/mm: Memory block size: 128MB
[    0.256416] evm: security.selinux
[    0.260002] evm: security.SMACK64
[    0.264002] evm: security.SMACK64EXEC
[    0.268002] evm: security.SMACK64TRANSMUTE
[    0.270424] evm: security.SMACK64MMAP
[    0.272002] evm: security.apparmor
[    0.276002] evm: security.ima
[    0.280002] evm: security.capability
[    0.284563] clocksource: jiffies: mask: 0xffffffff max_cycles: 0xffffffff, max_idle_ns: 7645041785100000 ns
[    0.288008] futex hash table entries: 512 (order: 3, 32768 bytes)
[    0.297890] pinctrl core: initialized pinctrl subsystem
[    0.300392] RTC time:  1:25:29, date: 02/21/21
[    0.304822] NET: Registered protocol family 16
[    0.307618] audit: initializing netlink subsys (disabled)
[    0.312011] audit: type=2000 audit(1613870735.291:1): state=initialized audit_enabled=0 res=1
[    0.316285] cpuidle: using governor ladder
[    0.320220] cpuidle: using governor menu
[    0.324970] ACPI: bus type PCI registered
[    0.328004] acpiphp: ACPI Hot Plug PCI Controller Driver version: 0.5
[    0.332564] PCI: Using configuration type 1 for base access
[    0.336002] PCI: Using configuration type 1 for extended access
[    0.341606] HugeTLB registered 2.00 MiB page size, pre-allocated 0 pages
[    0.344471] ACPI: Added _OSI(Module Device)
[    0.348014] ACPI: Added _OSI(Processor Device)
[    0.352003] ACPI: Added _OSI(3.0 _SCP Extensions)
[    0.354925] ACPI: Added _OSI(Processor Aggregator Device)
[    0.360005] ACPI: Added _OSI(Linux-Dell-Video)
[    0.362595] ACPI: Added _OSI(Linux-Lenovo-NV-HDMI-Audio)
[    0.364003] ACPI: Added _OSI(Linux-HPI-Hybrid-Graphics)
[    0.368908] ACPI: Executed 1 blocks of module-level executable AML code
[    0.379621] ACPI: Interpreter enabled
[    0.380013] ACPI: (supports S0 S5)
[    0.384003] ACPI: Using IOAPIC for interrupt routing
[    0.387276] PCI: Using host bridge windows from ACPI; if necessary, use "pci=nocrs" and report a bug
[    0.392186] ACPI: Enabled 2 GPEs in block 00 to 07
[    0.406199] ACPI: PCI Root Bridge [PCI0] (domain 0000 [bus 00-ff])
[    0.408009] acpi PNP0A03:00: _OSC: OS supports [ExtendedConfig ASPM ClockPM Segments MSI]
[    0.416135] acpi PNP0A03:00: _OSC: platform does not support [PCIeCapability]
[    0.420590] acpi PNP0A03:00: _OSC: not requesting control; platform does not support [PCIeCapability]
[    0.424007] acpi PNP0A03:00: _OSC: OS requested [PCIeHotplug PME AER PCIeCapability]
[    0.432004] acpi PNP0A03:00: _OSC: platform willing to grant [PCIeHotplug PME AER]
[    0.436004] acpi PNP0A03:00: _OSC failed (AE_SUPPORT); disabling ASPM
[    0.440544] PCI host bridge to bus 0000:00
[    0.442907] pci_bus 0000:00: root bus resource [io  0x0000-0x0cf7 window]
[    0.448004] pci_bus 0000:00: root bus resource [io  0x0d00-0xffff window]
[    0.451669] pci_bus 0000:00: root bus resource [mem 0x000a0000-0x000bffff window]
[    0.456004] pci_bus 0000:00: root bus resource [mem 0x40000000-0xfdffffff window]
[    0.460091] pci_bus 0000:00: root bus resource [bus 00-ff]
[    0.468392] pci 0000:00:01.1: legacy IDE quirk: reg 0x10: [io  0x01f0-0x01f7]
[    0.472003] pci 0000:00:01.1: legacy IDE quirk: reg 0x14: [io  0x03f6]
[    0.476003] pci 0000:00:01.1: legacy IDE quirk: reg 0x18: [io  0x0170-0x0177]
[    0.480003] pci 0000:00:01.1: legacy IDE quirk: reg 0x1c: [io  0x0376]
[    0.525791] pci 0000:00:07.0: quirk: [io  0x4000-0x403f] claimed by PIIX4 ACPI
[    0.532027] pci 0000:00:07.0: quirk: [io  0x4100-0x410f] claimed by PIIX4 SMB
[    0.554111] ACPI: PCI Interrupt Link [LNKA] (IRQs 5 9 10 *11)
[    0.564023] ACPI: PCI Interrupt Link [LNKB] (IRQs 5 9 *10 11)
[    0.568146] ACPI: PCI Interrupt Link [LNKC] (IRQs 5 *9 10 11)
[    0.576146] ACPI: PCI Interrupt Link [LNKD] (IRQs 5 9 10 *11)
[    0.584341] SCSI subsystem initialized
[    0.588268] pci 0000:00:02.0: vgaarb: setting as boot VGA device
[    0.591936] pci 0000:00:02.0: vgaarb: VGA device added: decodes=io+mem,owns=io+mem,locks=none
[    0.604006] pci 0000:00:02.0: vgaarb: bridge control possible
[    0.612003] vgaarb: loaded
[    0.616081] ACPI: bus type USB registered
[    0.620058] usbcore: registered new interface driver usbfs
[    0.628010] usbcore: registered new interface driver hub
[    0.632105] usbcore: registered new device driver usb
[    0.640266] EDAC MC: Ver: 3.0.0
[    0.644661] PCI: Using ACPI for IRQ routing
[    0.652667] NetLabel: Initializing
[    0.656003] NetLabel:  domain hash size = 128
[    0.660004] NetLabel:  protocols = UNLABELED CIPSOv4 CALIPSO
[    0.668026] NetLabel:  unlabeled traffic allowed by default
[    0.680339] clocksource: Switched to clocksource kvm-clock
[    0.731170] VFS: Disk quotas dquot_6.6.0
[    0.733862] VFS: Dquot-cache hash table entries: 512 (order 0, 4096 bytes)
[    0.738188] AppArmor: AppArmor Filesystem Enabled
[    0.741219] pnp: PnP ACPI init
[    0.744543] pnp: PnP ACPI: found 3 devices
[    0.779146] clocksource: acpi_pm: mask: 0xffffff max_cycles: 0xffffff, max_idle_ns: 2085701024 ns
[    0.785124] NET: Registered protocol family 2
[    0.788227] TCP established hash table entries: 8192 (order: 4, 65536 bytes)
[    0.792522] TCP bind hash table entries: 8192 (order: 5, 131072 bytes)
[    0.796970] TCP: Hash tables configured (established 8192 bind 8192)
[    0.802660] UDP hash table entries: 512 (order: 2, 16384 bytes)
[    0.806361] UDP-Lite hash table entries: 512 (order: 2, 16384 bytes)
[    0.810727] NET: Registered protocol family 1
[    0.813452] pci 0000:00:00.0: Limiting direct PCI/PCI transfers
[    0.816963] pci 0000:00:01.0: Activating ISA DMA hang workarounds
[    0.820604] pci 0000:00:02.0: Video device with shadowed ROM at [mem 0x000c0000-0x000dffff]
[    0.825912] Unpacking initramfs...
[    1.314161] Freeing initrd memory: 19224K
[    1.316828] clocksource: tsc: mask: 0xffffffffffffffff max_cycles: 0x33cb7ddc4d9, max_idle_ns: 440795251819 ns
[    1.322428] platform rtc_cmos: registered platform RTC device (no PNP device found)
[    1.327152] Scanning for low memory corruption every 60 seconds
[    1.332642] Initialise system trusted keyrings
[    1.335183] Key type blacklist registered
[    1.338258] workingset: timestamp_bits=36 max_order=18 bucket_order=0
[    1.344330] zbud: loaded
[    1.347090] squashfs: version 4.0 (2009/01/31) Phillip Lougher
[    1.351685] fuse init (API version 7.26)
[    1.378392] Key type asymmetric registered
[    1.380917] Asymmetric key parser 'x509' registered
[    1.383624] Block layer SCSI generic (bsg) driver version 0.4 loaded (major 246)
[    1.388950] io scheduler noop registered
[    1.391204] io scheduler deadline registered
[    1.393913] io scheduler cfq registered (default)
[    1.397187] ACPI: AC Adapter [AC] (on-line)
[    1.399518] input: Power Button as /devices/LNXSYSTM:00/LNXPWRBN:00/input/input0
[    1.404251] ACPI: Power Button [PWRF]
[    1.406585] input: Sleep Button as /devices/LNXSYSTM:00/LNXSLPBN:00/input/input1
[    1.410865] ACPI: Sleep Button [SLPF]
[    1.415844] Serial: 8250/16550 driver, 32 ports, IRQ sharing enabled
[    1.446986] 00:02: ttyS0 at I/O 0x3f8 (irq = 4, base_baud = 115200) is a 16550A
[    1.468831] Linux agpgart interface v0.103
[    1.478846] loop: module loaded
[    1.483294] scsi host0: ata_piix
[    1.485543] scsi host1: ata_piix
[    1.487504] ata1: PATA max UDMA/33 cmd 0x1f0 ctl 0x3f6 bmdma 0xd000 irq 14
[    1.491927] ata2: PATA max UDMA/33 cmd 0x170 ctl 0x376 bmdma 0xd008 irq 15
[    1.497585] libphy: Fixed MDIO Bus: probed
[    1.499832] tun: Universal TUN/TAP device driver, 1.6
[    1.503539] PPP generic driver version 2.4.2
[    1.506480] ehci_hcd: USB 2.0 'Enhanced' Host Controller (EHCI) Driver
[    1.510754] ehci-pci: EHCI PCI platform driver
[    1.513458] ehci-platform: EHCI generic platform driver
[    1.516532] ohci_hcd: USB 1.1 'Open' Host Controller (OHCI) Driver
[    1.519854] ohci-pci: OHCI PCI platform driver
[    1.520490] ohci-platform: OHCI generic platform driver
[    1.525343] uhci_hcd: USB Universal Host Controller Interface driver
[    1.529335] i8042: PNP: PS/2 Controller [PNP0303:PS2K,PNP0f03:PS2M] at 0x60,0x64 irq 1,12
[    1.536013] serio: i8042 KBD port at 0x60,0x64 irq 1
[    1.537952] serio: i8042 AUX port at 0x60,0x64 irq 12
[    1.543686] mousedev: PS/2 mouse device common for all mice
[    1.550435] rtc_cmos rtc_cmos: rtc core: registered rtc_cmos as rtc0
[    1.555296] input: AT Translated Set 2 keyboard as /devices/platform/i8042/serio0/input/input2
[    1.556979] rtc_cmos rtc_cmos: alarms up to one day, 114 bytes nvram
[    1.565110] i2c /dev entries driver
[    1.567263] device-mapper: uevent: version 1.0.3
[    1.570851] device-mapper: ioctl: 4.37.0-ioctl (2017-09-20) initialised: dm-devel@redhat.com
[    1.576391] ledtrig-cpu: registered to indicate activity on CPUs
[    1.581139] NET: Registered protocol family 10
[    1.589846] Segment Routing with IPv6
[    1.592403] NET: Registered protocol family 17
[    1.595320] Key type dns_resolver registered
[    1.598247] mce: Using 0 MCE banks
[    1.600197] RAS: Correctable Errors collector initialized.
[    1.603710] sched_clock: Marking stable (1603653529, 0)->(2074800020, -471146491)
[    1.611657] registered taskstats version 1
[    1.614178] Loading compiled-in X.509 certificates
[    1.620781] Loaded X.509 cert 'Build time autogenerated kernel key: 399a566a2ea98257ce6f7132c633527e9761cd56'
[    1.626606] zswap: loaded using pool lzo/zbud
[    1.636593] Key type big_key registered
[    1.638715] Key type trusted registered
[    1.644231] Key type encrypted registered
[    1.646529] AppArmor: AppArmor sha1 policy hashing enabled
[    1.649816] ima: No TPM chip found, activating TPM-bypass! (rc=-19)
[    1.653536] ima: Allocated hash algorithm: sha1
[    1.656131] evm: HMAC attrs: 0x1
[    1.659585]   Magic number: 9:31:408
[    1.685546] rtc_cmos rtc_cmos: setting system clock to 2021-02-21 01:25:30 UTC (1613870730)
[    1.690292] BIOS EDD facility v0.16 2004-Jun-25, 0 devices found
[    1.693857] EDD information not available.
[    1.711355] Freeing unused kernel image memory: 2440K
[    1.736795] Write protecting the kernel read-only data: 20480k
[    1.740966] Freeing unused kernel image memory: 2008K
[    1.744230] Freeing unused kernel image memory: 1868K
[    1.752544] x86/mm: Checked W+X mappings: passed, no W+X pages found.
Loading, please wait...
starting version 237
[    1.814636] e1000: Intel(R) PRO/1000 Network Driver - version 7.3.21-k8-NAPI
[    1.819295] e1000: Copyright (c) 1999-2006 Intel Corporation.
[    1.830716] Fusion MPT base driver 3.04.20
[    1.834122] Copyright (c) 1999-2008 LSI Corporation
[    1.845490] Fusion MPT SPI Host driver 3.04.20
[    2.066584] input: ImExPS/2 Generic Explorer Mouse as /devices/platform/i8042/serio1/input/input4
[    2.418018] e1000 0000:00:03.0 eth0: (PCI:33MHz:32-bit) 02:a4:4a:b3:a7:36
[    2.422072] e1000 0000:00:03.0 eth0: Intel(R) PRO/1000 Network Connection
[    2.428209] mptbase: ioc0: Initiating bringup
[    2.839386] ioc0: LSI53C1030 A0: Capabilities={Initiator}
[    3.774319] scsi host2: ioc0: LSI53C1030 A0, FwRev=00000000h, Ports=1, MaxQ=256, IRQ=20
[    4.137675] scsi 2:0:0:0: Direct-Access     VBOX     HARDDISK         1.0  PQ: 0 ANSI: 5
[    4.178669] scsi target2:0:0: Beginning Domain Validation
[    4.186684] scsi target2:0:0: Domain Validation skipping write tests
[    4.194274] scsi target2:0:0: Ending Domain Validation
[    4.197770] scsi target2:0:0: asynchronous
[    4.203392] scsi 2:0:1:0: Direct-Access     VBOX     HARDDISK         1.0  PQ: 0 ANSI: 5
[    4.480184] scsi target2:0:1: Beginning Domain Validation
[    4.483719] random: fast init done
[    4.494421] scsi target2:0:1: Domain Validation skipping write tests
[    4.498932] scsi target2:0:1: Ending Domain Validation
[    4.502202] scsi target2:0:1: asynchronous
[    4.514167] sd 2:0:0:0: [sda] 83886080 512-byte logical blocks: (42.9 GB/40.0 GiB)
[    4.515703] random: systemd-udevd: uninitialized urandom read (16 bytes read)
[    4.518543] sd 2:0:0:0: [sda] Write Protect is off
[    4.526847] sd 2:0:0:0: Attached scsi generic sg0 type 0
[    4.530247] sd 2:0:1:0: Attached scsi generic sg1 type 0
[    4.530337] random: systemd-udevd: uninitialized urandom read (16 bytes read)
[    4.534779] sd 2:0:1:0: [sdb] 20480 512-byte logical blocks: (10.5 MB/10.0 MiB)
[    4.544814] sd 2:0:0:0: [sda] Incomplete mode parameter data
[    4.548535] sd 2:0:0:0: [sda] Assuming drive cache: write through
[    4.552359] sd 2:0:1:0: [sdb] Write Protect is off
[    4.557910] random: systemd-udevd: uninitialized urandom read (16 bytes read)
[    4.565738]  sda: sda1
[    4.569480] sd 2:0:0:0: [sda] Attached SCSI disk
[    4.576401] sd 2:0:1:0: [sdb] Incomplete mode parameter data
[    4.580964] sd 2:0:1:0: [sdb] Assuming drive cache: write through
[    4.590082] sd 2:0:1:0: [sdb] Attached SCSI disk
[    4.790481] e1000 0000:00:08.0 eth1: (PCI:33MHz:32-bit) 08:00:27:64:48:41
[    4.795054] e1000 0000:00:08.0 eth1: Intel(R) PRO/1000 Network Connection
[    4.800954] e1000 0000:00:03.0 enp0s3: renamed from eth0
[    4.855706] e1000 0000:00:08.0 enp0s8: renamed from eth1
Begin: Loading essential drivers ... [    9.833801] raid6: sse2x1   gen()  8484 MB/s
[    9.884624] raid6: sse2x1   xor()  8087 MB/s
[    9.932455] raid6: sse2x2   gen() 14799 MB/s
[    9.980303] raid6: sse2x2   xor() 10663 MB/s
[   10.028120] raid6: sse2x4   gen() 17323 MB/s
[   10.076053] raid6: sse2x4   xor()  9468 MB/s
[   10.079073] raid6: using algorithm sse2x4 gen() 17323 MB/s
[   10.082268] raid6: .... xor() 9468 MB/s, rmw enabled
[   10.085183] raid6: using ssse3x2 recovery algorithm
[   10.089711] xor: measuring software checksum speed
[   14.100127]    prefetch64-sse: -89633.-296 MB/sec
[   15.191835]    generic_sse: 43920.000 MB/sec
[   15.195081] xor: using function: generic_sse (43920.000 MB/sec)
[   15.200225] async_tx: api initialized (async)
done.
Begin: Running /scripts/init-premount ... done.
Begin: Mounting root file system ... Begin: Running /scripts/local-top ... done.
Begin: Running /scripts/local-premount ... [   15.250462] Btrfs loaded, crc32c=crc32c-intel
Scanning for Btrfs filesystems
done.
Warning: fsck not present, so skipping root file system
[   15.292632] EXT4-fs (sda1): mounted filesystem with ordered data mode. Opts: (null)
done.
Begin: Running /scripts/local-bottom ... done.
Begin: Running /scripts/init-bottom ... done.
[   15.479385] ip_tables: (C) 2000-2006 Netfilter Core Team
[   15.495260] systemd[1]: systemd 237 running in system mode. (+PAM +AUDIT +SELINUX +IMA +APPARMOR +SMACK +SYSVINIT +UTMP +LIBCRYPTSETUP +GCRYPT +GNUTLS +ACL +XZ +LZ4 +SECCOMP +BLKID +ELFUTILS +KMOD -IDN2 +IDN -PCRE2 default-hierarchy=hybrid)
[   15.509034] systemd[1]: Detected virtualization oracle.
[   15.511883] systemd[1]: Detected architecture x86-64.

Welcome to [1mUbuntu 18.04.5 LTS[0m!

[   15.542757] systemd[1]: Set hostname to <ubuntu>.
[   15.552258] systemd[1]: Initializing machine ID from random generator.
[   15.555879] systemd[1]: Installed transient /etc/machine-id file.
[   15.828673] systemd[1]: Created slice System Slice.
[[0;32m  OK  [0m] Created slice System Slice.
[   15.832853] systemd[1]: Listening on Network Service Netlink Socket.
[[0;32m  OK  [0m] Listening on Network Service Netlink Socket.
[   15.838357] systemd[1]: Set up automount Arbitrary Executable File Formats File System Automount Point.
[[0;32m  OK  [0m] Set up automount Arbitrary Executab…rmats File System Automount Point.
[   15.845826] systemd[1]: Listening on fsck to fsckd communication Socket.
[[0;32m  OK  [0m] Listening on fsck to fsckd communication Socket.
[[0;32m  OK  [0m] Listening on /dev/initctl Compatibility Named Pipe.
[[0;32m  OK  [0m] Created slice User and Session Slice.
[[0;32m  OK  [0m] Reached target Slices.
[[0;32m  OK  [0m] Reached target User and Group Name Lookups.
[[0;32m  OK  [0m] Started Forward Password Requests to Wall Directory Watch.
[[0;32m  OK  [0m] Listening on Journal Socket.
         Mounting POSIX Message Queue File System...
         Starting Set the console keyboard layout...
         Starting Create list of required st…ce nodes for the current kernel...
[[0;32m  OK  [0m] Listening on udev Kernel Socket.
[[0;32m  OK  [0m] Listening on Device-mapper event daemon FIFOs.
         Starting Uncomplicated firewall...
         Starting File System Check on Root Device...
[[0;32m  OK  [0m] Listening on LVM2 poll daemon socket.
         Mounting Huge Pages File System...
[[0;32m  OK  [0m] Listening on Journal Socket (/dev/log).
[[0;32m  OK  [0m] Listening on Syslog Socket.
[[0;32m  OK  [0m] Listening on udev Control Socket.
         Starting udev Coldplug all Devices...
[[0;32m  OK  [0m] Reached target System Time Synchronized.
         Mounting Kernel Debug File System...
         Starting Load Kernel Modules...
[[0;32m  OK  [0m] Listening on Journal Audit Socket.
         Starting Journal Service...
[[0;32m  OK  [0m] Reached target Swap.
[[0;32m  OK  [0m] Created slice system-serial\x2dgetty.slice.
[[0;32m  OK  [0m] Listening on LVM2 metadata daemon socket.
         Starting Monitoring of LVM2 mirrors…ng dmeventd or progress polling...
[[0;32m  OK  [0m] Mounted POSIX Message Queue File System.
[[0;32m  OK  [0m] Started Create list of required sta…vice nodes for the current kernel.
[[0;32m  OK  [0m] Started Uncomplicated firewall.
[   15.978331] Loading iSCSI transport class v2.0-870.
[[0;32m  OK  [0m] Started File System Check on Root Device.
[[0;32m  OK  [0m] Mounted Huge Pages File System.[   15.989727] iscsi: registered transport (tcp)

[[0;32m  OK  [0m] Mounted Kernel Debug File System.
[[0;32m  OK  [0m] Started File System Check Daemon to report status.
         Starting Remount Root and Kernel File Systems...
         Starting Create Static Device Nodes in /dev...
[[0;32m  OK  [0m] Started udev Coldplug all Devices.
[[0;32m  OK  [0m] Started LVM2 metadata daemon.
[[0;32m  OK  [0m] Started Journal Service.
[   16.090964] iscsi: registered transport (iser)
[[0;32m  OK  [0m] Started Load Kernel Modules.
         Starting Apply Kernel Variables...
         Mounting FUSE Control File System...
         Mounting Kernel Configuration File System...
[[0;32m  OK  [0m] Started Set the console keyboard layout.
[[0;32m  OK  [0m] Mounted Kernel Configuration File System.
[[0;32m  OK  [0m] Mounted FUSE Control File System.
[[0;32m  OK  [0m] Started Create Static Device Nodes in /dev.
[   16.145977] EXT4-fs (sda1): re-mounted. Opts: (null)
[[0;32m  OK  [0m] Started Remount Root and Kernel File Systems.
         Starting Load/Save Random Seed...
         Starting Flush Journal to Persistent Storage...
         Starting udev Kernel Device Manager...
[[0;32m  OK  [0m] Started Monitoring of LVM2 mirrors,…sing dmeventd or progress polling.
[[0;32m  OK  [0m] Started Apply Kernel Variables.
[[0;32m  OK  [0m] Started Load/Save Random Seed.
[[0;32m  OK  [0m] Reached target Local File Systems (Pre).
[[0;32m  OK  [0m] Reached target Local File Systems.
         Starting AppArmor initialization...
         Starting Tell Plymouth To Write Out Runtime Data...
         Starting Commit a transient machine-id on disk...
         Starting ebtables ruleset management...
         Starting Set console font and keymap...
[[0;32m  OK  [0m] Started udev Kernel Device Manager.
[[0;32m  OK  [0m] Started Dispatch Password Requests to Console Directory Watch.
[[0;32m  OK  [0m] Reached target Local Encrypted Volumes.
[[0;32m  OK  [0m] Started Tell Plymouth To Write Out Runtime Data.
[[0;32m  OK  [0m] Started Set console font and keymap.
[[0;32m  OK  [0m] Started Flush Journal to Persistent Storage.
         Starting Create Volatile Files and Directories...
[[0;32m  OK  [0m] Started Commit a transient machine-id on disk.
[[0;32m  OK  [0m] Started Create Volatile Files and Directories.
         Starting Update UTMP about System Boot/Shutdown...
[[0;32m  OK  [0m] Started Update UTMP about System Boot/Shutdown.
[[0;32m  OK  [0m] Started ebtables ruleset management.
[[0;32m  OK  [0m] Found device /dev/ttyS0.
[[0;32m  OK  [0m] Listening on Load/Save RF Kill Switch Status /dev/rfkill Watch.
[[0;32m  OK  [0m] Started AppArmor initialization.
         Starting Initial cloud-init job (pre-networking)...
         Starting Load AppArmor profiles managed internally by snapd...
[[0;32m  OK  [0m] Started Load AppArmor profiles managed internally by snapd.
[   18.189971] cloud-init[555]: Cloud-init v. 20.4.1-0ubuntu1~18.04.1 running 'init-local' at Sun, 21 Feb 2021 01:25:46 +0000. Up 17.87 seconds.
[[0;32m  OK  [0m] Started Initial cloud-init job (pre-networking).
[[0;32m  OK  [0m] Reached target Network (Pre).
         Starting Network Service...
[[0;32m  OK  [0m] Started Network Service.
         Starting Wait for Network to be Configured...
         Starting Network Name Resolution...
[[0;32m  OK  [0m] Started Network Name Resolution.
[[0;32m  OK  [0m] Reached target Network.
[[0;32m  OK  [0m] Reached target Host and Network Name Lookups.
[[0;32m  OK  [0m] Started Wait for Network to be Configured.
         Starting Initial cloud-init job (metadata service crawler)...
[   20.233036] cloud-init[673]: Cloud-init v. 20.4.1-0ubuntu1~18.04.1 running 'init' at Sun, 21 Feb 2021 01:25:48 +0000. Up 20.13 seconds.
[   20.238625] cloud-init[673]: ci-info: ++++++++++++++++++++++++++++++++++++++Net device info+++++++++++++++++++++++++++++++++++++++
[   20.243901] cloud-init[673]: ci-info: +--------+-------+----------------------------+---------------+--------+-------------------+
[   20.249131] cloud-init[673]: ci-info: | Device |   Up  |          Address           |      Mask     | Scope  |     Hw-Address    |
[   20.254268] cloud-init[673]: ci-info: +--------+-------+----------------------------+---------------+--------+-------------------+
[   20.261009] cloud-init[673]: ci-info: | enp0s3 |  True |         10.0.2.15          | 255.255.255.0 | global | 02:a4:4a:b3:a7:36 |
[   20.264332] cloud-init[673]: ci-info: | enp0s3 |  True | fe80::a4:4aff:feb3:a736/64 |       .       |  link  | 02:a4:4a:b3:a7:36 |
[   20.267580] cloud-init[673]: ci-info: | enp0s8 | False |             .              |       .       |   .    | 08:00:27:64:48:41 |
[   20.270822] cloud-init[673]: ci-info: |   lo   |  True |         127.0.0.1          |   255.0.0.0   |  host  |         .         |
[   20.274195] cloud-init[673]: ci-info: |   lo   |  True |          ::1/128           |       .       |  host  |         .         |
[   20.277617] cloud-init[673]: ci-info: +--------+-------+----------------------------+---------------+--------+-------------------+
[   20.280888] cloud-init[673]: ci-info: ++++++++++++++++++++++++++++Route IPv4 info+++++++++++++++++++++++++++++
[   20.283639] cloud-init[673]: ci-info: +-------+-------------+----------+-----------------+-----------+-------+
[   20.286454] cloud-init[673]: ci-info: | Route | Destination | Gateway  |     Genmask     | Interface | Flags |
[   20.289247] cloud-init[673]: ci-info: +-------+-------------+----------+-----------------+-----------+-------+
[   20.292014] cloud-init[673]: ci-info: |   0   |   0.0.0.0   | 10.0.2.2 |     0.0.0.0     |   enp0s3  |   UG  |
[   20.294808] cloud-init[673]: ci-info: |   1   |   10.0.2.0  | 0.0.0.0  |  255.255.255.0  |   enp0s3  |   U   |
[   20.300261] cloud-init[673]: ci-info: |   2   |   10.0.2.2  | 0.0.0.0  | 255.255.255.255 |   enp0s3  |   UH  |
[   20.304782] cloud-init[673]: ci-info: +-------+-------------+----------+-----------------+-----------+-------+
[   20.309064] cloud-init[673]: ci-info: +++++++++++++++++++Route IPv6 info+++++++++++++++++++
[   20.311440] cloud-init[673]: ci-info: +-------+-------------+---------+-----------+-------+
[   20.313829] cloud-init[673]: ci-info: | Route | Destination | Gateway | Interface | Flags |
[   20.316277] cloud-init[673]: ci-info: +-------+-------------+---------+-----------+-------+
[   20.318607] cloud-init[673]: ci-info: |   1   |  fe80::/64  |    ::   |   enp0s3  |   U   |
[   20.321003] cloud-init[673]: ci-info: |   3   |    local    |    ::   |   enp0s3  |   U   |
[   20.325824] cloud-init[673]: ci-info: |   4   |   ff00::/8  |    ::   |   enp0s3  |   U   |
[   20.328751] cloud-init[673]: ci-info: +-------+-------------+---------+-----------+-------+
[   21.148957] cloud-init[673]: Generating public/private rsa key pair.
[   21.152716] cloud-init[673]: Your identification has been saved in /etc/ssh/ssh_host_rsa_key.
[   21.157074] cloud-init[673]: Your public key has been saved in /etc/ssh/ssh_host_rsa_key.pub.
[   21.161261] cloud-init[673]: The key fingerprint is:
[   21.164875] cloud-init[673]: SHA256:/GemLAEtzXsFWut8cHswfKq8KcfqRx88SdTJbJJRO0Y root@ubuntu-bionic
[   21.168993] cloud-init[673]: The key's randomart image is:
[   21.172536] cloud-init[673]: +---[RSA 2048]----+
[   21.175868] cloud-init[673]: |            .BE. |
[   21.179129] cloud-init[673]: |          o +.*. |
[   21.182592] cloud-init[673]: |       + o = o+  |
[[0;32m  OK  [0m] Started Initial cloud-init job (metadata service crawler).
[   21.187739] cloud-init[[0;32m  OK  [0m] Reached target Network is Online.
         Starting Availability of block devices...
[[0;32m  OK  [0m] Reached target Remote File Systems (Pre).
[[0;32m  OK  [0m] Reached target Remote File Systems.
[[0;32m  OK  [0m] Reached target System Initialization.
[[0;32m  OK  [0m] Listening on Open-iSCSI iscsid Socket.
[[0;32m  OK  [0m] Listening on UUID daemon activation socket.
[[0;32m  OK  [0m] Started Daily Cleanup of Temporary Directories.
[[0;32m  OK  [0m] Started Discard unused blocks once a week.
         Starting LXD - unix socket.
[[0;32m  OK  [0m] Started ACPI Events Check.
[[0;32m  OK  [0m] Reached target Paths.
         Starting Socket activation for snappy daemon.
[[0;32m  OK  [0m] Started Message of the Day.
[[0;32m  OK  [0m] Started Daily apt download activities.
[[0;32m  OK  [0m] Started Daily apt upgrade and clean activities.
[[0;32m  OK  [0m] Listening on ACPID Listen Socket.
[[0;32m  OK  [0m] Listening on D-Bus System Message Bus Socket.
[[0;32m  OK  [0m] Reached target Timers.
[[0;32m  OK  [0m] Reached target Cloud-config availability.
[[0;32m  OK  [0m] Listening on Socket activation for snappy daemon.
[[0;32m  OK  [0m] Started Availability of block devices.
[[0;32m  OK  [0m] Listening on LXD - unix socket.
[[0;32m  OK  [0m] Reached target Sockets.
[[0;32m  OK  [0m] Reached target Basic System.
         Starting Dispatcher daemon for systemd-networkd...
         Starting System Logging Service...
         Starting LSB: automatic crash report generation...
[[0;32m  OK  [0m] Started FUSE filesystem for LXC.
[673]: |      o.= o B... |
         Starting Login Service...
         Starting Accounts Service...
         Starting Permit User Sessions...
[[0;32m  OK  [0m] Started D-Bus System Message Bus.
[   21.250313] cloud-init[673]: |       oS+ * B   |
[   21.262894] cloud-init[673]: |        o.= O .  |
[   21.270568] cloud-init[673]: |         *.+++   |
[   21.274290] cloud-init[673]: |        o.**.    |
[   21.277891] cloud-init[673]: |       .o*=.     |
[   21.281618] cloud-init[673]: +----[SHA256]-----+
[   21.285428] cloud-init[673]: Generating public/private dsa key pair.
[   21.289588] cloud-init[673]: Your identification has been saved in /etc/ssh/ssh_host_dsa_key.
[   21.295122] cloud-init[673]: Your public key has been saved in /etc/ssh/ssh_host_dsa_key.pub.
[   21.299713] cloud-init[673]: The key fingerprint is:
[   21.303684] cloud-init[673]: SHA256:9O7RJ+K5kx1eiNj1AnGxYHHP1+jWUBqE5UQUciHTY58 root@ubuntu-bionic
[   21.308708] cloud-init[673]: The key's randomart image is:
[   21.312696] cloud-init[673]: +---[DSA 1024]----+
[   21.316201] cloud-init[673]: |          +.*O@o.|
[   21.320204] cloud-init[673]: |         ..oo@+=.|
[   21.323680] cloud-init[673]: |        .  o..Bo+|
[   21.327838] cloud-init[673]: |       . .. .. E.|
[   21.331412] cloud-init[673]: |        So.+ oo .|
         Starting Virtualbox guest utils...
[[0;32m  OK  [0m] Started Deferred execution scheduler.
         Starting LSB: Record successful boot for GRUB...
[   21.346168] cloud-init[673]: |        ..o.+.o  |
[   21.355844] cloud-init[673]: |          ++o+.  |
[   21.357750] cloud-init[673]: |         oo+oo   |
[   21.360187] cloud-init[673]: |          =o     |
[   21.361712] cloud-init[673]: +----[SHA256]-----+
[   21.363332] cloud-init[673]: Generating public/private ecdsa key pair.
[   21.365533] cloud-init[673]: Your identification has been saved in /etc/ssh/ssh_host_ecdsa_key.
[   21.368028] cloud-init[673]: Your public key has been saved in /etc/ssh/ssh_host_ecdsa_key.pub.
[   21.370607] cloud-init[673]: The key fingerprint is:
[   21.372570] cloud-init[673]: SHA256:ot94gOQoFKryEziFhVpb1bbyXM3ndsfpiR2+/3tVyXo root@ubuntu-bionic
[   21.375326] cloud-init[673]: The key's randomart image is:
[   21.378993] cloud-init[673]: +---[ECDSA 256]---+
[   21.380731]          Starting Pollinate to seed the pseudo random number generator...
[[0;32m  OK  [0m] Started irqbalance daemon.
         Starting LXD - container startup/shutdown...
[[0;32m  OK  [0m] Started Regular background program processing daemon.
cloud-init         Starting Snap Daemon...
[[0;32m  OK  [0m] Started System Logging Service.
[673]: [[0;32m  OK  [0m] Started Permit User Sessions.
| .   ...         |
[   21.399531]          Starting Hold until boot process finishes up...
         Starting Terminate Plymouth Boot Screen...
cloud-init[673]: |..o .   o        |[[0;32m  OK  [0m] Started Hold until boot process finishes up.
[[0;32m  OK  [0m] Started Serial Getty on ttyS0.
         Starting Set console scheme...

[[0;32m  OK  [0m] Started Terminate Plymouth Boot Screen.
[   21.420885] cloud-init[673]: |o+.o   . . o  . .|
[   21.424386] cloud-init[673]: |+.o . . . . o .o.|
[   21.427831] cloud-init[673]: |oo + ..+S.   o..o|
[   21.431913] cloud-init[673]: |* o o...o    .oE=|
[   21.435610] cloud-init[673]: |.+ ..  .     .*.=|
[   21.440504] cloud-init[673]: |  o  . o.    . =.|
[   21.444521] cloud-init[673]: |   .  o..      oO|
[   21.449337] cloud-init[673]: +----[SHA256]-----+
[   21.452788] cloud-init[673]: Generating public/private ed25519 key pair.
[   21.457318] cloud-init[673]: Your identification has been saved in /etc/ssh/ssh_host_ed25519_key.
[   21.462066] cloud-init[673]: Your public key has been saved in /etc/ssh/ssh_host_ed25519_key.pub.
[   21.468736] cloud-init[673]: The key fingerprint is:
[   21.473713] cloud-init[673]: SHA256:IOjUi/IM+sYWjrCzyI/upJPuN6Mci32Du5EBshfNrbg root@ubuntu-bionic
[   21.481313] cloud-init[673]: The key's randomart image is:
[   21.485386] cloud-init[673]: +--[ED25519 256]--+
[   21.490255] cloud-init[673]: |                 |
[   21.497266] [[0;32m  OK  [0m] Started Set console scheme.
cloud-init[673]: |   = .           |
[[0;32m  OK  [0m] Started Login Service.
[   21.509692] cloud-init[673]: [[0;32m  OK  [0m] Started Unattended Upgrades Shutdown.
[[0;32m  OK  [0m] Created slice system-getty.slice.
[[0;32m  OK  [0m] Started Getty on tty1.
[[0;32m  OK  [0m] Reached target Login Prompts.
         Starting Authorization Manager...
|o + = o          |
[   21.524342] cloud-init[673]: |.= + + .         |
[   21.529332] cloud-init[673]: |+ * o   S        |
[   21.535575] cloud-init[673]: |o*.+             |
[   21.545159] cloud-init[673]: |oOEo             |
[   21.551947] cloud-init[673]: |&oX=o            |
[   21.559011] cloud-init[673]: |X^O=o.           |
[   21.562878] cloud-init[673]: +----[SHA256]-----+
[[0;32m  OK  [0m] Started LSB: automatic crash report generation.
[[0;32m  OK  [0m] Started Authorization Manager.
[[0;32m  OK  [0m] Started Accounts Service.
[[0;32m  OK  [0m] Started LSB: Record successful boot for GRUB.
[[0;32m  OK  [0m] Started LXD - container startup/shutdown.
[[0;32m  OK  [0m] Started Virtualbox guest utils.
[[0;32m  OK  [0m] Started Dispatcher daemon for systemd-networkd.
[[0;32m  OK  [0m] Started Snap Daemon.
         Starting Wait until snapd is fully seeded...
[[0;32m  OK  [0m] Started Wait until snapd is fully seeded.
         Starting Apply the settings specified in cloud-config...
[[0;32m  OK  [0m] Started Pollinate to seed the pseudo random number generator.
         Starting OpenBSD Secure Shell server...
[[0;32m  OK  [0m] Started OpenBSD Secure Shell server.
[[0;32m  OK  [0m] Reached target Multi-User System.
[[0;32m  OK  [0m] Reached target Graphical Interface.
         Starting Update UTMP about System Runlevel Changes...
[[0;32m  OK  [0m] Started Update UTMP about System Runlevel Changes.
[   23.866206] cloud-init[1071]: Cloud-init v. 20.4.1-0ubuntu1~18.04.1 running 'modules:config' at Sun, 21 Feb 2021 01:25:52 +0000. Up 23.39 seconds.
[[0;32m  OK  [0m] Started Apply the settings specified in cloud-config.
         Starting Execute cloud user/final scripts...
ci-info: no authorized SSH keys fingerprints found for user ubuntu.
<14>Feb 21 01:25:53 ec2: 
<14>Feb 21 01:25:53 ec2: #############################################################
<14>Feb 21 01:25:53 ec2: -----BEGIN SSH HOST KEY FINGERPRINTS-----
<14>Feb 21 01:25:53 ec2: 1024 SHA256:9O7RJ+K5kx1eiNj1AnGxYHHP1+jWUBqE5UQUciHTY58 root@ubuntu-bionic (DSA)
<14>Feb 21 01:25:53 ec2: 256 SHA256:ot94gOQoFKryEziFhVpb1bbyXM3ndsfpiR2+/3tVyXo root@ubuntu-bionic (ECDSA)
<14>Feb 21 01:25:53 ec2: 256 SHA256:IOjUi/IM+sYWjrCzyI/upJPuN6Mci32Du5EBshfNrbg root@ubuntu-bionic (ED25519)
<14>Feb 21 01:25:53 ec2: 2048 SHA256:/GemLAEtzXsFWut8cHswfKq8KcfqRx88SdTJbJJRO0Y root@ubuntu-bionic (RSA)
<14>Feb 21 01:25:53 ec2: -----END SSH HOST KEY FINGERPRINTS-----
<14>Feb 21 01:25:53 ec2: #############################################################
-----BEGIN SSH HOST KEY KEYS-----
ecdsa-sha2-nistp256 AAAAE2VjZHNhLXNoYTItbmlzdHAyNTYAAAAIbmlzdHAyNTYAAABBBEkn/bULejHjM5wOFSu3+SbzF3yEvUnfaLxEXVyTTKF0mkkzLpDyldjLiboHqk3eNEKT4+H9wyE4lO05tRz7A+k= root@ubuntu-bionic
ssh-ed25519 AAAAC3NzaC1lZDI1NTE5AAAAIJ4NAqY6AOHlALV4zBVbtrJ1JNUHVTh7xLVj8yS7HoeA root@ubuntu-bionic
ssh-rsa AAAAB3NzaC1yc2EAAAADAQABAAABAQCv27fdq+wDygKxQ6urpkctFJvm8MtqXl761ybWHL3kVfkZabLVwJC7Puhckqk/0xnkVo/i7ABO8nrgGlsqIGwJsYgpXZNAwWdzMzagGVtlFBlV/LWUQ2Bv2galEAGEI42aDlueT6oZFrzEeXOAmw+hneu1HMPmLmucEgdqPrSKEGfOhSXK/kKd+YeOHjym7wLW7vSfiTi7nxdPQwsirTzTdfmZZs7kYvoP6/RkOj5WlD/JBQM2LcKSyZBxwu+IiL8zuKMzkkkAGmRFKEGVLKnLnSGFk+E9jHDIDBVBaU3zw9QHeH21IOJHaWu8tavJRQUo3163GulGOjlffYtn+08H root@ubuntu-bionic
-----END SSH HOST KEY KEYS-----
[   24.270112] cloud-init[1160]: Cloud-init v. 20.4.1-0ubuntu1~18.04.1 running 'modules:final' at Sun, 21 Feb 2021 01:25:52 +0000. Up 24.13 seconds.
[   24.273802] cloud-init[1160]: ci-info: no authorized SSH keys fingerprints found for user ubuntu.
[   24.276591] cloud-init[1160]: Cloud-init v. 20.4.1-0ubuntu1~18.04.1 finished at Sun, 21 Feb 2021 01:25:53 +0000. Datasource DataSourceNoCloud [seed=/dev/sdb][dsmode=net].  Up 24.26 seconds
[[0;32m  OK  [0m] Started Execute cloud user/final scripts.
[[0;32m  OK  [0m] Reached target Cloud-init target.

Ubuntu 18.04.5 LTS ubuntu-bionic ttyS0

ubuntu-bionic login: 